proochat/build/app/intermediates/manifest_merge_blame_file/release/manifest-merger-blame-release-report.txt
1<?xml version="1.0" encoding="utf-8"?>
2<manifest xmlns:android="http://schemas.android.com/apk/res/android"
3    package="com.sidharth.proochat"
4    android:versionCode="1"
5    android:versionName="1.0.0" >
6
7    <uses-sdk
8        android:minSdkVersion="21"
8-->src/main/AndroidManifest.xml
9        android:targetSdkVersion="30" />
9-->src/main/AndroidManifest.xml
10
11    <queries>
11-->[:twitter_login] AndroidManifest.xml:7:5-11:15
12        <intent>
12-->[:twitter_login] AndroidManifest.xml:8:9-10:18
13            <action android:name="android.support.customtabs.action.CustomTabsService" />
13-->[:twitter_login] AndroidManifest.xml:9:13-90
13-->[:twitter_login] AndroidManifest.xml:9:21-87
14        </intent>
15    </queries>
16
17    <uses-permission android:name="android.permission.INTERNET" />
17-->[:google_sign_in] AndroidManifest.xml:7:5-67
17-->[:google_sign_in] AndroidManifest.xml:7:22-64
18    <uses-permission android:name="android.permission.ACCESS_NETWORK_STATE" />
18-->[com.google.firebase:firebase-auth:21.0.1] AndroidManifest.xml:24:5-79
18-->[com.google.firebase:firebase-auth:21.0.1] AndroidManifest.xml:24:22-76
19    <uses-permission android:name="android.permission.WAKE_LOCK" />
19-->[com.google.android.gms:play-services-measurement-api:20.0.0] AndroidManifest.xml:24:5-68
19-->[com.google.android.gms:play-services-measurement-api:20.0.0] AndroidManifest.xml:24:22-65
20    <uses-permission android:name="com.google.android.finsky.permission.BIND_GET_INSTALL_REFERRER_SERVICE" />
20-->[com.google.android.gms:play-services-measurement:20.0.0] AndroidManifest.xml:26:5-110
20-->[com.google.android.gms:play-services-measurement:20.0.0] AndroidManifest.xml:26:22-107
21
22    <application
22-->src/main/AndroidManifest.xml:3:4-58:19
23        android:appComponentFactory="androidx.core.app.CoreComponentFactory"
23-->[androidx.core:core:1.3.2] AndroidManifest.xml:24:18-86
24        android:icon="@mipmap/ic_launcher"
24-->src/main/AndroidManifest.xml:5:9-43
25        android:label="proochat"
25-->src/main/AndroidManifest.xml:4:9-33
26        android:supportsRtl="true" >
26-->[com.facebook.android:facebook-login:12.0.1] AndroidManifest.xml:28:18-44
27        <activity
27-->src/main/AndroidManifest.xml:6:9-35:20
28            android:name="com.sidharth.proochat.MainActivity"
28-->src/main/AndroidManifest.xml:7:13-41
29            android:configChanges="orientation|keyboardHidden|keyboard|screenSize|smallestScreenSize|locale|layoutDirection|fontScale|screenLayout|density|uiMode"
29-->src/main/AndroidManifest.xml:10:13-163
30            android:hardwareAccelerated="true"
30-->src/main/AndroidManifest.xml:11:13-47
31            android:launchMode="singleTop"
31-->src/main/AndroidManifest.xml:8:13-43
32            android:theme="@style/LaunchTheme"
32-->src/main/AndroidManifest.xml:9:13-47
33            android:windowSoftInputMode="adjustResize" >
33-->src/main/AndroidManifest.xml:12:13-55
34
35            <!--
36                 Specifies an Android theme to apply to this Activity as soon as
37                 the Android process has started. This theme is visible to the user
38                 while the Flutter UI initializes. After that, this theme continues
39                 to determine the Window background behind the Flutter UI.
40            -->
41
42            <meta-data
42-->src/main/AndroidManifest.xml:18:13-21:17
43                android:name="io.flutter.embedding.android.NormalTheme"
43-->src/main/AndroidManifest.xml:19:15-70
44                android:resource="@style/NormalTheme" />
44-->src/main/AndroidManifest.xml:20:15-52
45            <!--
46                 Displays an Android View that continues showing the launch screen
47                 Drawable until Flutter paints its first frame, then this splash
48                 screen fades out. A splash screen is useful to avoid any visual
49                 gap between the end of Android's launch screen and the painting of
50                 Flutter's first frame.
51            -->
52            <meta-data
52-->src/main/AndroidManifest.xml:27:13-30:17
53                android:name="io.flutter.embedding.android.SplashScreenDrawable"
53-->src/main/AndroidManifest.xml:28:15-79
54                android:resource="@drawable/launch_background" />
54-->src/main/AndroidManifest.xml:29:15-61
55
56            <intent-filter>
56-->src/main/AndroidManifest.xml:31:13-34:29
57                <action android:name="android.intent.action.MAIN" />
57-->src/main/AndroidManifest.xml:32:17-68
57-->src/main/AndroidManifest.xml:32:25-66
58
59                <category android:name="android.intent.category.LAUNCHER" />
59-->src/main/AndroidManifest.xml:33:17-76
59-->src/main/AndroidManifest.xml:33:27-74
60            </intent-filter>
61        </activity>
62
63        <meta-data
63-->src/main/AndroidManifest.xml:36:8-37:53
64            android:name="com.facebook.sdk.ApplicationId"
64-->src/main/AndroidManifest.xml:36:19-64
65            android:value="@string/facebook_app_id" />
65-->src/main/AndroidManifest.xml:37:12-51
66
67        <activity
67-->src/main/AndroidManifest.xml:39:8-42:47
68            android:name="com.facebook.FacebookActivity"
68-->src/main/AndroidManifest.xml:39:18-62
69            android:configChanges="keyboard|keyboardHidden|screenLayout|screenSize|orientation"
69-->src/main/AndroidManifest.xml:40:12-111
70            android:label="@string/app_name"
70-->src/main/AndroidManifest.xml:42:12-44
71            android:theme="@style/com_facebook_activity_theme" />
71-->[com.facebook.android:facebook-common:12.0.1] AndroidManifest.xml:33:13-63
72        <activity
72-->src/main/AndroidManifest.xml:43:8-52:19
73            android:name="com.facebook.CustomTabActivity"
73-->src/main/AndroidManifest.xml:44:12-57
74            android:exported="true" >
74-->src/main/AndroidManifest.xml:45:12-35
75            <intent-filter>
75-->src/main/AndroidManifest.xml:46:12-51:28
76                <action android:name="android.intent.action.VIEW" />
76-->src/main/AndroidManifest.xml:47:16-68
76-->src/main/AndroidManifest.xml:47:24-65
77
78                <category android:name="android.intent.category.DEFAULT" />
78-->src/main/AndroidManifest.xml:48:16-75
78-->src/main/AndroidManifest.xml:48:26-72
79                <category android:name="android.intent.category.BROWSABLE" />
79-->src/main/AndroidManifest.xml:49:16-77
79-->src/main/AndroidManifest.xml:49:26-74
80
81                <data android:scheme="@string/fb_login_protocol_scheme" />
81-->src/main/AndroidManifest.xml:50:16-74
81-->src/main/AndroidManifest.xml:50:22-71
82            </intent-filter>
83            <intent-filter>
83-->[com.facebook.android:facebook-common:12.0.1] AndroidManifest.xml:39:13-48:29
84                <action android:name="android.intent.action.VIEW" />
84-->src/main/AndroidManifest.xml:47:16-68
84-->src/main/AndroidManifest.xml:47:24-65
85
86                <category android:name="android.intent.category.DEFAULT" />
86-->src/main/AndroidManifest.xml:48:16-75
86-->src/main/AndroidManifest.xml:48:26-72
87                <category android:name="android.intent.category.BROWSABLE" />
87-->src/main/AndroidManifest.xml:49:16-77
87-->src/main/AndroidManifest.xml:49:26-74
88
89                <data
89-->src/main/AndroidManifest.xml:50:16-74
90                    android:host="cct.com.sidharth.proochat"
91                    android:scheme="fbconnect" />
91-->src/main/AndroidManifest.xml:50:22-71
92            </intent-filter>
93        </activity>
94        <!--
95            Don't delete the meta-data below.
96            This is used by the Flutter tool to generate GeneratedPluginRegistrant.java
97        -->
98        <meta-data
98-->src/main/AndroidManifest.xml:55:9-57:33
99            android:name="flutterEmbedding"
99-->src/main/AndroidManifest.xml:56:13-44
100            android:value="2" />
100-->src/main/AndroidManifest.xml:57:13-30
101
102        <service
102-->[:firebase_auth] AndroidManifest.xml:8:9-12:19
103            android:name="com.google.firebase.components.ComponentDiscoveryService"
103-->[:firebase_auth] AndroidManifest.xml:8:18-89
104            android:directBootAware="true"
104-->[com.google.firebase:firebase-common:20.0.0] AndroidManifest.xml:35:13-43
105            android:exported="false" >
105-->[com.google.firebase:firebase-auth:21.0.1] AndroidManifest.xml:76:13-37
106            <meta-data
106-->[:firebase_auth] AndroidManifest.xml:9:13-11:85
107                android:name="com.google.firebase.components:io.flutter.plugins.firebase.auth.FlutterFirebaseAuthRegistrar"
107-->[:firebase_auth] AndroidManifest.xml:10:17-124
108                android:value="com.google.firebase.components.ComponentRegistrar" />
108-->[:firebase_auth] AndroidManifest.xml:11:17-82
109            <meta-data
109-->[:firebase_storage] AndroidManifest.xml:9:13-11:85
110                android:name="com.google.firebase.components:io.flutter.plugins.firebase.storage.FlutterFirebaseAppRegistrar"
110-->[:firebase_storage] AndroidManifest.xml:10:17-126
111                android:value="com.google.firebase.components.ComponentRegistrar" />
111-->[:firebase_storage] AndroidManifest.xml:11:17-82
112            <meta-data
112-->[:cloud_firestore] AndroidManifest.xml:9:13-11:85
113                android:name="com.google.firebase.components:io.flutter.plugins.firebase.firestore.FlutterFirebaseFirestoreRegistrar"
113-->[:cloud_firestore] AndroidManifest.xml:10:17-134
114                android:value="com.google.firebase.components.ComponentRegistrar" />
114-->[:cloud_firestore] AndroidManifest.xml:11:17-82
115            <meta-data
115-->[:firebase_core] AndroidManifest.xml:9:13-11:85
116                android:name="com.google.firebase.components:io.flutter.plugins.firebase.core.FlutterFirebaseCoreRegistrar"
116-->[:firebase_core] AndroidManifest.xml:10:17-124
117                android:value="com.google.firebase.components.ComponentRegistrar" />
117-->[:firebase_core] AndroidManifest.xml:11:17-82
118            <meta-data
118-->[com.google.firebase:firebase-auth:21.0.1] AndroidManifest.xml:77:13-79:85
119                android:name="com.google.firebase.components:com.google.firebase.auth.FirebaseAuthRegistrar"
119-->[com.google.firebase:firebase-auth:21.0.1] AndroidManifest.xml:78:17-109
120                android:value="com.google.firebase.components.ComponentRegistrar" />
120-->[com.google.firebase:firebase-auth:21.0.1] AndroidManifest.xml:79:17-82
121            <meta-data
121-->[com.google.firebase:firebase-firestore:24.0.0] AndroidManifest.xml:20:13-22:85
122                android:name="com.google.firebase.components:com.google.firebase.firestore.FirestoreRegistrar"
122-->[com.google.firebase:firebase-firestore:24.0.0] AndroidManifest.xml:21:17-111
123                android:value="com.google.firebase.components.ComponentRegistrar" />
123-->[com.google.firebase:firebase-firestore:24.0.0] AndroidManifest.xml:22:17-82
124            <meta-data
124-->[com.google.firebase:firebase-storage:20.0.0] AndroidManifest.xml:33:13-35:85
125                android:name="com.google.firebase.components:com.google.firebase.storage.StorageRegistrar"
125-->[com.google.firebase:firebase-storage:20.0.0] AndroidManifest.xml:34:17-107
126                android:value="com.google.firebase.components.ComponentRegistrar" />
126-->[com.google.firebase:firebase-storage:20.0.0] AndroidManifest.xml:35:17-82
127            <meta-data
127-->[com.google.android.gms:play-services-measurement-api:20.0.0] AndroidManifest.xml:30:13-32:85
128                android:name="com.google.firebase.components:com.google.firebase.analytics.connector.internal.AnalyticsConnectorRegistrar"
128-->[com.google.android.gms:play-services-measurement-api:20.0.0] AndroidManifest.xml:31:17-139
129                android:value="com.google.firebase.components.ComponentRegistrar" />
129-->[com.google.android.gms:play-services-measurement-api:20.0.0] AndroidManifest.xml:32:17-82
130            <meta-data
130-->[com.google.firebase:firebase-installations:17.0.0] AndroidManifest.xml:18:13-20:85
131                android:name="com.google.firebase.components:com.google.firebase.installations.FirebaseInstallationsRegistrar"
131-->[com.google.firebase:firebase-installations:17.0.0] AndroidManifest.xml:19:17-127
132                android:value="com.google.firebase.components.ComponentRegistrar" />
132-->[com.google.firebase:firebase-installations:17.0.0] AndroidManifest.xml:20:17-82
133        </service>
134
135        <provider
135-->[:image_picker] AndroidManifest.xml:8:9-16:20
136            android:name="io.flutter.plugins.imagepicker.ImagePickerFileProvider"
136-->[:image_picker] AndroidManifest.xml:9:13-82
137            android:authorities="com.sidharth.proochat.flutter.image_provider"
137-->[:image_picker] AndroidManifest.xml:10:13-74
138            android:exported="false"
138-->[:image_picker] AndroidManifest.xml:11:13-37
139            android:grantUriPermissions="true" >
139-->[:image_picker] AndroidManifest.xml:12:13-47
140            <meta-data
140-->[:image_picker] AndroidManifest.xml:13:13-15:75
141                android:name="android.support.FILE_PROVIDER_PATHS"
141-->[:image_picker] AndroidManifest.xml:14:17-67
142                android:resource="@xml/flutter_image_picker_file_paths" />
142-->[:image_picker] AndroidManifest.xml:15:17-72
143        </provider>
144
145        <activity android:name="com.maru.twitter_login.chrome_custom_tabs.ChromeCustomTabsActivity" />
145-->[:twitter_login] AndroidManifest.xml:14:9-103
145-->[:twitter_login] AndroidManifest.xml:14:19-100
146        <activity
146-->[com.google.firebase:firebase-auth:21.0.1] AndroidManifest.xml:27:9-44:20
147            android:name="com.google.firebase.auth.internal.GenericIdpActivity"
147-->[com.google.firebase:firebase-auth:21.0.1] AndroidManifest.xml:28:13-80
148            android:excludeFromRecents="true"
148-->[com.google.firebase:firebase-auth:21.0.1] AndroidManifest.xml:29:13-46
149            android:exported="true"
149-->[com.google.firebase:firebase-auth:21.0.1] AndroidManifest.xml:30:13-36
150            android:launchMode="singleTask"
150-->[com.google.firebase:firebase-auth:21.0.1] AndroidManifest.xml:31:13-44
151            android:theme="@android:style/Theme.Translucent.NoTitleBar" >
151-->[com.google.firebase:firebase-auth:21.0.1] AndroidManifest.xml:32:13-72
152            <intent-filter>
152-->[com.google.firebase:firebase-auth:21.0.1] AndroidManifest.xml:33:13-43:29
153                <action android:name="android.intent.action.VIEW" />
153-->src/main/AndroidManifest.xml:47:16-68
153-->src/main/AndroidManifest.xml:47:24-65
154
155                <category android:name="android.intent.category.DEFAULT" />
155-->src/main/AndroidManifest.xml:48:16-75
155-->src/main/AndroidManifest.xml:48:26-72
156                <category android:name="android.intent.category.BROWSABLE" />
156-->src/main/AndroidManifest.xml:49:16-77
156-->src/main/AndroidManifest.xml:49:26-74
157
158                <data
158-->src/main/AndroidManifest.xml:50:16-74
159                    android:host="firebase.auth"
160                    android:path="/"
161                    android:scheme="genericidp" />
161-->src/main/AndroidManifest.xml:50:22-71
162            </intent-filter>
163        </activity>
164        <activity
164-->[com.google.firebase:firebase-auth:21.0.1] AndroidManifest.xml:45:9-62:20
165            android:name="com.google.firebase.auth.internal.RecaptchaActivity"
165-->[com.google.firebase:firebase-auth:21.0.1] AndroidManifest.xml:46:13-79
166            android:excludeFromRecents="true"
166-->[com.google.firebase:firebase-auth:21.0.1] AndroidManifest.xml:47:13-46
167            android:exported="true"
167-->[com.google.firebase:firebase-auth:21.0.1] AndroidManifest.xml:48:13-36
168            android:launchMode="singleTask"
168-->[com.google.firebase:firebase-auth:21.0.1] AndroidManifest.xml:49:13-44
169            android:theme="@android:style/Theme.Translucent.NoTitleBar" >
169-->[com.google.firebase:firebase-auth:21.0.1] AndroidManifest.xml:50:13-72
170            <intent-filter>
170-->[com.google.firebase:firebase-auth:21.0.1] AndroidManifest.xml:51:13-61:29
171                <action android:name="android.intent.action.VIEW" />
171-->src/main/AndroidManifest.xml:47:16-68
171-->src/main/AndroidManifest.xml:47:24-65
172
173                <category android:name="android.intent.category.DEFAULT" />
173-->src/main/AndroidManifest.xml:48:16-75
173-->src/main/AndroidManifest.xml:48:26-72
174                <category android:name="android.intent.category.BROWSABLE" />
174-->src/main/AndroidManifest.xml:49:16-77
174-->src/main/AndroidManifest.xml:49:26-74
175
176                <data
176-->src/main/AndroidManifest.xml:50:16-74
177                    android:host="firebase.auth"
178                    android:path="/"
179                    android:scheme="recaptcha" />
179-->src/main/AndroidManifest.xml:50:22-71
180            </intent-filter>
181        </activity>
182
183        <service
183-->[com.google.firebase:firebase-auth:21.0.1] AndroidManifest.xml:64:9-73:19
184            android:name="com.google.firebase.auth.api.fallback.service.FirebaseAuthFallbackService"
184-->[com.google.firebase:firebase-auth:21.0.1] AndroidManifest.xml:65:13-101
185            android:enabled="true"
185-->[com.google.firebase:firebase-auth:21.0.1] AndroidManifest.xml:66:13-35
186            android:exported="false" >
186-->[com.google.firebase:firebase-auth:21.0.1] AndroidManifest.xml:67:13-37
187            <intent-filter>
187-->[com.google.firebase:firebase-auth:21.0.1] AndroidManifest.xml:68:13-72:29
188                <action android:name="com.google.firebase.auth.api.gms.service.START" />
188-->[com.google.firebase:firebase-auth:21.0.1] AndroidManifest.xml:69:17-89
188-->[com.google.firebase:firebase-auth:21.0.1] AndroidManifest.xml:69:25-86
189
190                <category android:name="android.intent.category.DEFAULT" />
190-->src/main/AndroidManifest.xml:48:16-75
190-->src/main/AndroidManifest.xml:48:26-72
191            </intent-filter>
192        </service>
193
194        <provider
194-->[com.google.firebase:firebase-common:20.0.0] AndroidManifest.xml:26:9-31:39
195            android:name="com.google.firebase.provider.FirebaseInitProvider"
195-->[com.google.firebase:firebase-common:20.0.0] AndroidManifest.xml:27:13-77
196            android:authorities="com.sidharth.proochat.firebaseinitprovider"
196-->[com.google.firebase:firebase-common:20.0.0] AndroidManifest.xml:28:13-72
197            android:directBootAware="true"
197-->[com.google.firebase:firebase-common:20.0.0] AndroidManifest.xml:29:13-43
198            android:exported="false"
198-->[com.google.firebase:firebase-common:20.0.0] AndroidManifest.xml:30:13-37
199            android:initOrder="100" />
199-->[com.google.firebase:firebase-common:20.0.0] AndroidManifest.xml:31:13-36
200
201        <activity android:name="com.facebook.CustomTabMainActivity" />
201-->[com.facebook.android:facebook-common:12.0.1] AndroidManifest.xml:34:9-71
201-->[com.facebook.android:facebook-common:12.0.1] AndroidManifest.xml:34:19-68
202
203        <receiver
203-->[com.google.android.gms:play-services-measurement:20.0.0] AndroidManifest.xml:29:9-33:20
204            android:name="com.google.android.gms.measurement.AppMeasurementReceiver"
204-->[com.google.android.gms:play-services-measurement:20.0.0] AndroidManifest.xml:30:13-85
205            android:enabled="true"
205-->[com.google.android.gms:play-services-measurement:20.0.0] AndroidManifest.xml:31:13-35
206            android:exported="false" >
206-->[com.google.android.gms:play-services-measurement:20.0.0] AndroidManifest.xml:32:13-37
207        </receiver>
208
209        <service
209-->[com.google.android.gms:play-services-measurement:20.0.0] AndroidManifest.xml:35:9-38:40
210            android:name="com.google.android.gms.measurement.AppMeasurementService"
210-->[com.google.android.gms:play-services-measurement:20.0.0] AndroidManifest.xml:36:13-84
211            android:enabled="true"
211-->[com.google.android.gms:play-services-measurement:20.0.0] AndroidManifest.xml:37:13-35
212            android:exported="false" />
212-->[com.google.android.gms:play-services-measurement:20.0.0] AndroidManifest.xml:38:13-37
213        <service
213-->[com.google.android.gms:play-services-measurement:20.0.0] AndroidManifest.xml:39:9-43:72
214            android:name="com.google.android.gms.measurement.AppMeasurementJobService"
214-->[com.google.android.gms:play-services-measurement:20.0.0] AndroidManifest.xml:40:13-87
215            android:enabled="true"
215-->[com.google.android.gms:play-services-measurement:20.0.0] AndroidManifest.xml:41:13-35
216            android:exported="false"
216-->[com.google.android.gms:play-services-measurement:20.0.0] AndroidManifest.xml:42:13-37
217            android:permission="android.permission.BIND_JOB_SERVICE" />
217-->[com.google.android.gms:play-services-measurement:20.0.0] AndroidManifest.xml:43:13-69
218
219        <activity
219-->[com.google.android.gms:play-services-auth:16.0.1] AndroidManifest.xml:23:9-27:75
220            android:name="com.google.android.gms.auth.api.signin.internal.SignInHubActivity"
220-->[com.google.android.gms:play-services-auth:16.0.1] AndroidManifest.xml:24:13-93
221            android:excludeFromRecents="true"
221-->[com.google.android.gms:play-services-auth:16.0.1] AndroidManifest.xml:25:13-46
222            android:exported="false"
222-->[com.google.android.gms:play-services-auth:16.0.1] AndroidManifest.xml:26:13-37
223            android:theme="@android:style/Theme.Translucent.NoTitleBar" />
223-->[com.google.android.gms:play-services-auth:16.0.1] AndroidManifest.xml:27:13-72
224        <!--
225            Service handling Google Sign-In user revocation. For apps that do not integrate with
226            Google Sign-In, this service will never be started.
227        -->
228        <service
228-->[com.google.android.gms:play-services-auth:16.0.1] AndroidManifest.xml:33:9-36:110
229            android:name="com.google.android.gms.auth.api.signin.RevocationBoundService"
229-->[com.google.android.gms:play-services-auth:16.0.1] AndroidManifest.xml:34:13-89
230            android:exported="true"
230-->[com.google.android.gms:play-services-auth:16.0.1] AndroidManifest.xml:35:13-36
231            android:permission="com.google.android.gms.auth.api.signin.permission.REVOCATION_NOTIFICATION" />
231-->[com.google.android.gms:play-services-auth:16.0.1] AndroidManifest.xml:36:13-107
232
233        <activity
233-->[com.google.android.gms:play-services-base:17.1.0] AndroidManifest.xml:23:9-26:75
234            android:name="com.google.android.gms.common.api.GoogleApiActivity"
234-->[com.google.android.gms:play-services-base:17.1.0] AndroidManifest.xml:24:13-79
235            android:exported="false"
235-->[com.google.android.gms:play-services-base:17.1.0] AndroidManifest.xml:25:13-37
236            android:theme="@android:style/Theme.Translucent.NoTitleBar" />
236-->[com.google.android.gms:play-services-base:17.1.0] AndroidManifest.xml:26:13-72
237
238        <meta-data
238-->[com.google.android.gms:play-services-basement:17.1.0] AndroidManifest.xml:23:9-25:69
239            android:name="com.google.android.gms.version"
239-->[com.google.android.gms:play-services-basement:17.1.0] AndroidManifest.xml:24:13-58
240            android:value="@integer/google_play_services_version" />
240-->[com.google.android.gms:play-services-basement:17.1.0] AndroidManifest.xml:25:13-66
241        <!--
242         The initialization ContentProvider will call FacebookSdk.sdkInitialize automatically
243         with the application context. This config is merged in with the host app's manifest,
244         but there can only be one provider with the same authority activated at any given
245         point; so if the end user has two or more different apps that use Facebook SDK, only the
246         first one will be able to use the provider. To work around this problem, we use the
247         following placeholder in the authority to identify each host application as if it was
248         a completely different provider.
249        -->
250        <provider
250-->[com.facebook.android:facebook-core:12.0.1] AndroidManifest.xml:39:9-42:40
251            android:name="com.facebook.internal.FacebookInitProvider"
251-->[com.facebook.android:facebook-core:12.0.1] AndroidManifest.xml:40:13-70
252            android:authorities="com.sidharth.proochat.FacebookInitProvider"
252-->[com.facebook.android:facebook-core:12.0.1] AndroidManifest.xml:41:13-72
253            android:exported="false" />
253-->[com.facebook.android:facebook-core:12.0.1] AndroidManifest.xml:42:13-37
254
255        <receiver
255-->[com.facebook.android:facebook-core:12.0.1] AndroidManifest.xml:44:9-50:20
256            android:name="com.facebook.CurrentAccessTokenExpirationBroadcastReceiver"
256-->[com.facebook.android:facebook-core:12.0.1] AndroidManifest.xml:45:13-86
257            android:exported="false" >
257-->[com.facebook.android:facebook-core:12.0.1] AndroidManifest.xml:46:13-37
258            <intent-filter>
258-->[com.facebook.android:facebook-core:12.0.1] AndroidManifest.xml:47:13-49:29
259                <action android:name="com.facebook.sdk.ACTION_CURRENT_ACCESS_TOKEN_CHANGED" />
259-->[com.facebook.android:facebook-core:12.0.1] AndroidManifest.xml:48:17-95
259-->[com.facebook.android:facebook-core:12.0.1] AndroidManifest.xml:48:25-92
260            </intent-filter>
261        </receiver>
262        <receiver
262-->[com.facebook.android:facebook-core:12.0.1] AndroidManifest.xml:51:9-57:20
263            android:name="com.facebook.AuthenticationTokenManager$CurrentAuthenticationTokenChangedBroadcastReceiver"
263-->[com.facebook.android:facebook-core:12.0.1] AndroidManifest.xml:52:13-118
264            android:exported="false" >
264-->[com.facebook.android:facebook-core:12.0.1] AndroidManifest.xml:53:13-37
265            <intent-filter>
265-->[com.facebook.android:facebook-core:12.0.1] AndroidManifest.xml:54:13-56:29
266                <action android:name="com.facebook.sdk.ACTION_CURRENT_AUTHENTICATION_TOKEN_CHANGED" />
266-->[com.facebook.android:facebook-core:12.0.1] AndroidManifest.xml:55:17-103
266-->[com.facebook.android:facebook-core:12.0.1] AndroidManifest.xml:55:25-100
267            </intent-filter>
268        </receiver>
269    </application>
270
271</manifest>